State 0:
          main ::= * in
          in ::= * in NEWLINE
      (2) in ::= *
          in ::= * in program NEWLINE

                          main accept
                            in shift        1      
                     {default} reduce       2      in ::=

State 1:
      (0) main ::= in *
          in ::= in * NEWLINE
          in ::= in * program NEWLINE
          program ::= * NAME EQ expr
          program ::= * expr
          expr ::= * expr MINUS expr
          expr ::= * expr PLUS expr
          expr ::= * expr TIMES expr
          expr ::= * expr DIVIDE expr
          expr ::= * expr POW expr
          expr ::= * MINUS expr
          expr ::= * LP expr RP
          expr ::= * NUM
          expr ::= * NAME LP expr RP
          expr ::= * NAME LP expr COMMA expr RP

                             $ reduce       0      main ::= in
                         MINUS shift        5      
                       NEWLINE shift-reduce 1      in ::= in NEWLINE
                          NAME shift        19     
                            LP shift        4      
                           NUM shift-reduce 13     expr ::= NUM
                       program shift        25     
                          expr shift        15     

State 2:
          expr ::= * expr MINUS expr
          expr ::= * expr PLUS expr
          expr ::= * expr TIMES expr
          expr ::= * expr DIVIDE expr
          expr ::= * expr POW expr
          expr ::= * MINUS expr
          expr ::= * LP expr RP
          expr ::= * NUM
          expr ::= * NAME LP expr RP
          expr ::= * NAME LP expr COMMA expr RP
          expr ::= NAME LP expr COMMA * expr RP

                         MINUS shift        5      
                          NAME shift        20     
                            LP shift        4      
                           NUM shift-reduce 13     expr ::= NUM
                          expr shift        13     

State 3:
          expr ::= * expr MINUS expr
          expr ::= * expr PLUS expr
          expr ::= * expr TIMES expr
          expr ::= * expr DIVIDE expr
          expr ::= * expr POW expr
          expr ::= * MINUS expr
          expr ::= * LP expr RP
          expr ::= * NUM
          expr ::= * NAME LP expr RP
          expr ::= NAME LP * expr RP
          expr ::= * NAME LP expr COMMA expr RP
          expr ::= NAME LP * expr COMMA expr RP

                         MINUS shift        5      
                          NAME shift        20     
                            LP shift        4      
                           NUM shift-reduce 13     expr ::= NUM
                          expr shift        12     

State 4:
          expr ::= * expr MINUS expr
          expr ::= * expr PLUS expr
          expr ::= * expr TIMES expr
          expr ::= * expr DIVIDE expr
          expr ::= * expr POW expr
          expr ::= * MINUS expr
          expr ::= * LP expr RP
          expr ::= LP * expr RP
          expr ::= * NUM
          expr ::= * NAME LP expr RP
          expr ::= * NAME LP expr COMMA expr RP

                         MINUS shift        5      
                          NAME shift        20     
                            LP shift        4      
                           NUM shift-reduce 13     expr ::= NUM
                          expr shift        14     

State 5:
          expr ::= * expr MINUS expr
          expr ::= * expr PLUS expr
          expr ::= * expr TIMES expr
          expr ::= * expr DIVIDE expr
          expr ::= * expr POW expr
          expr ::= * MINUS expr
          expr ::= MINUS * expr
          expr ::= * LP expr RP
          expr ::= * NUM
          expr ::= * NAME LP expr RP
          expr ::= * NAME LP expr COMMA expr RP

                         MINUS shift        5      
                          NAME shift        20     
                            LP shift        4      
                           NUM shift-reduce 13     expr ::= NUM
                          expr shift        21     

State 6:
          expr ::= * expr MINUS expr
          expr ::= * expr PLUS expr
          expr ::= * expr TIMES expr
          expr ::= * expr DIVIDE expr
          expr ::= * expr POW expr
          expr ::= expr POW * expr
          expr ::= * MINUS expr
          expr ::= * LP expr RP
          expr ::= * NUM
          expr ::= * NAME LP expr RP
          expr ::= * NAME LP expr COMMA expr RP

                         MINUS shift        5      
                          NAME shift        20     
                            LP shift        4      
                           NUM shift-reduce 13     expr ::= NUM
                          expr shift        22     

State 7:
          expr ::= * expr MINUS expr
          expr ::= * expr PLUS expr
          expr ::= * expr TIMES expr
          expr ::= * expr DIVIDE expr
          expr ::= expr DIVIDE * expr
          expr ::= * expr POW expr
          expr ::= * MINUS expr
          expr ::= * LP expr RP
          expr ::= * NUM
          expr ::= * NAME LP expr RP
          expr ::= * NAME LP expr COMMA expr RP

                         MINUS shift        5      
                          NAME shift        20     
                            LP shift        4      
                           NUM shift-reduce 13     expr ::= NUM
                          expr shift        23     

State 8:
          expr ::= * expr MINUS expr
          expr ::= * expr PLUS expr
          expr ::= * expr TIMES expr
          expr ::= expr TIMES * expr
          expr ::= * expr DIVIDE expr
          expr ::= * expr POW expr
          expr ::= * MINUS expr
          expr ::= * LP expr RP
          expr ::= * NUM
          expr ::= * NAME LP expr RP
          expr ::= * NAME LP expr COMMA expr RP

                         MINUS shift        5      
                          NAME shift        20     
                            LP shift        4      
                           NUM shift-reduce 13     expr ::= NUM
                          expr shift        24     

State 9:
          expr ::= * expr MINUS expr
          expr ::= * expr PLUS expr
          expr ::= expr PLUS * expr
          expr ::= * expr TIMES expr
          expr ::= * expr DIVIDE expr
          expr ::= * expr POW expr
          expr ::= * MINUS expr
          expr ::= * LP expr RP
          expr ::= * NUM
          expr ::= * NAME LP expr RP
          expr ::= * NAME LP expr COMMA expr RP

                         MINUS shift        5      
                          NAME shift        20     
                            LP shift        4      
                           NUM shift-reduce 13     expr ::= NUM
                          expr shift        17     

State 10:
          expr ::= * expr MINUS expr
          expr ::= expr MINUS * expr
          expr ::= * expr PLUS expr
          expr ::= * expr TIMES expr
          expr ::= * expr DIVIDE expr
          expr ::= * expr POW expr
          expr ::= * MINUS expr
          expr ::= * LP expr RP
          expr ::= * NUM
          expr ::= * NAME LP expr RP
          expr ::= * NAME LP expr COMMA expr RP

                         MINUS shift        5      
                          NAME shift        20     
                            LP shift        4      
                           NUM shift-reduce 13     expr ::= NUM
                          expr shift        18     

State 11:
          program ::= NAME EQ * expr
          expr ::= * expr MINUS expr
          expr ::= * expr PLUS expr
          expr ::= * expr TIMES expr
          expr ::= * expr DIVIDE expr
          expr ::= * expr POW expr
          expr ::= * MINUS expr
          expr ::= * LP expr RP
          expr ::= * NUM
          expr ::= * NAME LP expr RP
          expr ::= * NAME LP expr COMMA expr RP

                         MINUS shift        5      
                          NAME shift        20     
                            LP shift        4      
                           NUM shift-reduce 13     expr ::= NUM
                          expr shift        16     

State 12:
          expr ::= expr * MINUS expr
          expr ::= expr * PLUS expr
          expr ::= expr * TIMES expr
          expr ::= expr * DIVIDE expr
          expr ::= expr * POW expr
          expr ::= NAME LP expr * RP
          expr ::= NAME LP expr * COMMA expr RP

                          PLUS shift        9      
                         MINUS shift        10     
                        DIVIDE shift        7      
                         TIMES shift        8      
                           POW shift        6      
                            RP shift-reduce 14     expr ::= NAME LP expr RP
                         COMMA shift        2      

State 13:
          expr ::= expr * MINUS expr
          expr ::= expr * PLUS expr
          expr ::= expr * TIMES expr
          expr ::= expr * DIVIDE expr
          expr ::= expr * POW expr
          expr ::= NAME LP expr COMMA expr * RP

                          PLUS shift        9      
                         MINUS shift        10     
                        DIVIDE shift        7      
                         TIMES shift        8      
                           POW shift        6      
                            RP shift-reduce 15     expr ::= NAME LP expr COMMA expr RP

State 14:
          expr ::= expr * MINUS expr
          expr ::= expr * PLUS expr
          expr ::= expr * TIMES expr
          expr ::= expr * DIVIDE expr
          expr ::= expr * POW expr
          expr ::= LP expr * RP

                          PLUS shift        9      
                         MINUS shift        10     
                        DIVIDE shift        7      
                         TIMES shift        8      
                           POW shift        6      
                            RP shift-reduce 12     expr ::= LP expr RP

State 15:
      (5) program ::= expr *
          expr ::= expr * MINUS expr
          expr ::= expr * PLUS expr
          expr ::= expr * TIMES expr
          expr ::= expr * DIVIDE expr
          expr ::= expr * POW expr

                          PLUS shift        9      
                         MINUS shift        10     
                        DIVIDE shift        7      
                         TIMES shift        8      
                           POW shift        6      
                     {default} reduce       5      program ::= expr

State 16:
      (4) program ::= NAME EQ expr *
          expr ::= expr * MINUS expr
          expr ::= expr * PLUS expr
          expr ::= expr * TIMES expr
          expr ::= expr * DIVIDE expr
          expr ::= expr * POW expr

                          PLUS shift        9      
                         MINUS shift        10     
                        DIVIDE shift        7      
                         TIMES shift        8      
                           POW shift        6      
                     {default} reduce       4      program ::= NAME EQ expr

State 17:
          expr ::= expr * MINUS expr
          expr ::= expr * PLUS expr
      (7) expr ::= expr PLUS expr *
          expr ::= expr * TIMES expr
          expr ::= expr * DIVIDE expr
          expr ::= expr * POW expr

                        DIVIDE shift        7      
                         TIMES shift        8      
                           POW shift        6      
                     {default} reduce       7      expr ::= expr PLUS expr

State 18:
          expr ::= expr * MINUS expr
      (6) expr ::= expr MINUS expr *
          expr ::= expr * PLUS expr
          expr ::= expr * TIMES expr
          expr ::= expr * DIVIDE expr
          expr ::= expr * POW expr

                        DIVIDE shift        7      
                         TIMES shift        8      
                           POW shift        6      
                     {default} reduce       6      expr ::= expr MINUS expr

State 19:
          program ::= NAME * EQ expr
          expr ::= NAME * LP expr RP
          expr ::= NAME * LP expr COMMA expr RP

                            EQ shift        11     
                            LP shift        3      

State 20:
          expr ::= NAME * LP expr RP
          expr ::= NAME * LP expr COMMA expr RP

                            LP shift        3      

State 21:
          expr ::= expr * MINUS expr
          expr ::= expr * PLUS expr
          expr ::= expr * TIMES expr
          expr ::= expr * DIVIDE expr
          expr ::= expr * POW expr
     (11) expr ::= MINUS expr *

                           POW shift        6      
                     {default} reduce       11     expr ::= MINUS expr

State 22:
          expr ::= expr * MINUS expr
          expr ::= expr * PLUS expr
          expr ::= expr * TIMES expr
          expr ::= expr * DIVIDE expr
          expr ::= expr * POW expr
     (10) expr ::= expr POW expr *

                           POW shift        6      
                     {default} reduce       10     expr ::= expr POW expr

State 23:
          expr ::= expr * MINUS expr
          expr ::= expr * PLUS expr
          expr ::= expr * TIMES expr
          expr ::= expr * DIVIDE expr
      (9) expr ::= expr DIVIDE expr *
          expr ::= expr * POW expr

                           POW shift        6      
                     {default} reduce       9      expr ::= expr DIVIDE expr

State 24:
          expr ::= expr * MINUS expr
          expr ::= expr * PLUS expr
          expr ::= expr * TIMES expr
      (8) expr ::= expr TIMES expr *
          expr ::= expr * DIVIDE expr
          expr ::= expr * POW expr

                           POW shift        6      
                     {default} reduce       8      expr ::= expr TIMES expr

State 25:
          in ::= in program * NEWLINE

                       NEWLINE shift-reduce 3      in ::= in program NEWLINE

----------------------------------------------------
Symbols:
    0: $:
    1: PLUS
    2: MINUS
    3: DIVIDE
    4: TIMES
    5: POW
    6: NOT
    7: NEWLINE
    8: NAME
    9: EQ
   10: LP
   11: RP
   12: NUM
   13: COMMA
   14: error:
   15: main: <lambda> MINUS NEWLINE NAME LP NUM
   16: in: <lambda> MINUS NEWLINE NAME LP NUM
   17: program: MINUS NAME LP NUM
   18: expr: MINUS NAME LP NUM
